{"level":"info","message":"⌛ Validating testGranja.wtest","timeElapsed":103,"timestamp":"2024-10-04T19:35:03.360Z"}
{"level":"info","message":"onRequest - completionItem/resolve","timestamp":"2024-10-04T19:35:03.425Z"}
{"level":"info","message":"onRequest - completionItem/resolve","timestamp":"2024-10-04T19:35:03.426Z"}
{"level":"info","message":"onRequest - completionItem/resolve","timestamp":"2024-10-04T19:35:03.591Z"}
{"level":"info","message":"⌛ Validating testGranja.wtest","timeElapsed":143,"timestamp":"2024-10-04T19:35:03.733Z"}
{"level":"info","message":"⌛ Building environment","timeElapsed":104,"timestamp":"2024-10-04T19:35:04.616Z"}
{"level":"info","message":"onRequest - completionItem/resolve","timestamp":"2024-10-04T19:35:04.724Z"}
{"level":"error","message":"✘ Completions for node failed: Error: [Send]{60d2df} at testGranja.wtest:19 exhausted all cases without a match [Send]{60d2df} at testGranja.wtest:19 exhausted all cases without a match","stack":"Error: [Send]{60d2df} at testGranja.wtest:19 exhausted all cases without a match\n    at c:\\Users\\gasto\\.vscode\\extensions\\uqbar.wollok-lsp-ide-0.3.5\\out\\server\\src\\server.js:38:6067\n    at hh (c:\\Users\\gasto\\.vscode\\extensions\\uqbar.wollok-lsp-ide-0.3.5\\out\\server\\src\\server.js:2281:42)\n    at vh (c:\\Users\\gasto\\.vscode\\extensions\\uqbar.wollok-lsp-ide-0.3.5\\out\\server\\src\\server.js:2281:1004)\n    at F5n (c:\\Users\\gasto\\.vscode\\extensions\\uqbar.wollok-lsp-ide-0.3.5\\out\\server\\src\\server.js:2281:1160)\n    at c:\\Users\\gasto\\.vscode\\extensions\\uqbar.wollok-lsp-ide-0.3.5\\out\\server\\src\\server.js:38:6056\n    at hh (c:\\Users\\gasto\\.vscode\\extensions\\uqbar.wollok-lsp-ide-0.3.5\\out\\server\\src\\server.js:2281:42)\n    at c:\\Users\\gasto\\.vscode\\extensions\\uqbar.wollok-lsp-ide-0.3.5\\out\\server\\src\\server.js:2281:2700\n    at c:\\Users\\gasto\\.vscode\\extensions\\uqbar.wollok-lsp-ide-0.3.5\\out\\server\\src\\server.js:2288:3774\n    at c:\\Users\\gasto\\.vscode\\extensions\\uqbar.wollok-lsp-ide-0.3.5\\out\\server\\src\\server.js:37:74872\n    at Fe (c:\\Users\\gasto\\.vscode\\extensions\\uqbar.wollok-lsp-ide-0.3.5\\out\\server\\src\\server.js:7:8527)","timestamp":"2024-10-04T19:35:05.209Z"}
{"level":"error","message":"✘ Completions for node failed: Error: [Send]{a9f301} at testGranja.wtest:19 exhausted all cases without a match [Send]{a9f301} at testGranja.wtest:19 exhausted all cases without a match","stack":"Error: [Send]{a9f301} at testGranja.wtest:19 exhausted all cases without a match\n    at c:\\Users\\gasto\\.vscode\\extensions\\uqbar.wollok-lsp-ide-0.3.5\\out\\server\\src\\server.js:38:6067\n    at hh (c:\\Users\\gasto\\.vscode\\extensions\\uqbar.wollok-lsp-ide-0.3.5\\out\\server\\src\\server.js:2281:42)\n    at vh (c:\\Users\\gasto\\.vscode\\extensions\\uqbar.wollok-lsp-ide-0.3.5\\out\\server\\src\\server.js:2281:1004)\n    at hh (c:\\Users\\gasto\\.vscode\\extensions\\uqbar.wollok-lsp-ide-0.3.5\\out\\server\\src\\server.js:2281:456)\n    at vh (c:\\Users\\gasto\\.vscode\\extensions\\uqbar.wollok-lsp-ide-0.3.5\\out\\server\\src\\server.js:2281:1004)\n    at F5n (c:\\Users\\gasto\\.vscode\\extensions\\uqbar.wollok-lsp-ide-0.3.5\\out\\server\\src\\server.js:2281:1160)\n    at c:\\Users\\gasto\\.vscode\\extensions\\uqbar.wollok-lsp-ide-0.3.5\\out\\server\\src\\server.js:38:6056\n    at hh (c:\\Users\\gasto\\.vscode\\extensions\\uqbar.wollok-lsp-ide-0.3.5\\out\\server\\src\\server.js:2281:42)\n    at c:\\Users\\gasto\\.vscode\\extensions\\uqbar.wollok-lsp-ide-0.3.5\\out\\server\\src\\server.js:2281:2700\n    at c:\\Users\\gasto\\.vscode\\extensions\\uqbar.wollok-lsp-ide-0.3.5\\out\\server\\src\\server.js:2288:3774","timestamp":"2024-10-04T19:35:05.209Z"}
{"level":"info","message":"onRequest - completionItem/resolve","timestamp":"2024-10-04T19:35:05.300Z"}
{"level":"info","message":"⌛ Validating testGranja.wtest","timeElapsed":101,"timestamp":"2024-10-04T19:35:07.090Z"}
{"level":"info","message":"⌛ Validating testGranja.wtest","timeElapsed":106,"timestamp":"2024-10-04T19:35:07.268Z"}
{"level":"info","message":"⌛ Building environment","timeElapsed":108,"timestamp":"2024-10-04T19:35:07.378Z"}
{"level":"info","message":"⌛ Validating testGranja.wtest","timeElapsed":161,"timestamp":"2024-10-04T19:35:07.554Z"}
{"level":"error","message":"✘ Completions for node failed: Error: [Send]{608890} at testGranja.wtest:19 exhausted all cases without a match [Send]{608890} at testGranja.wtest:19 exhausted all cases without a match","stack":"Error: [Send]{608890} at testGranja.wtest:19 exhausted all cases without a match\n    at c:\\Users\\gasto\\.vscode\\extensions\\uqbar.wollok-lsp-ide-0.3.5\\out\\server\\src\\server.js:38:6067\n    at hh (c:\\Users\\gasto\\.vscode\\extensions\\uqbar.wollok-lsp-ide-0.3.5\\out\\server\\src\\server.js:2281:42)\n    at vh (c:\\Users\\gasto\\.vscode\\extensions\\uqbar.wollok-lsp-ide-0.3.5\\out\\server\\src\\server.js:2281:1004)\n    at F5n (c:\\Users\\gasto\\.vscode\\extensions\\uqbar.wollok-lsp-ide-0.3.5\\out\\server\\src\\server.js:2281:1160)\n    at c:\\Users\\gasto\\.vscode\\extensions\\uqbar.wollok-lsp-ide-0.3.5\\out\\server\\src\\server.js:38:6056\n    at hh (c:\\Users\\gasto\\.vscode\\extensions\\uqbar.wollok-lsp-ide-0.3.5\\out\\server\\src\\server.js:2281:42)\n    at c:\\Users\\gasto\\.vscode\\extensions\\uqbar.wollok-lsp-ide-0.3.5\\out\\server\\src\\server.js:2281:2700\n    at c:\\Users\\gasto\\.vscode\\extensions\\uqbar.wollok-lsp-ide-0.3.5\\out\\server\\src\\server.js:2288:3774\n    at c:\\Users\\gasto\\.vscode\\extensions\\uqbar.wollok-lsp-ide-0.3.5\\out\\server\\src\\server.js:37:74872\n    at Fe (c:\\Users\\gasto\\.vscode\\extensions\\uqbar.wollok-lsp-ide-0.3.5\\out\\server\\src\\server.js:7:8527)","timestamp":"2024-10-04T19:35:08.224Z"}
{"level":"error","message":"✘ Completions for node failed: Error: [Send]{5b74f8} at testGranja.wtest:19 exhausted all cases without a match [Send]{5b74f8} at testGranja.wtest:19 exhausted all cases without a match","stack":"Error: [Send]{5b74f8} at testGranja.wtest:19 exhausted all cases without a match\n    at c:\\Users\\gasto\\.vscode\\extensions\\uqbar.wollok-lsp-ide-0.3.5\\out\\server\\src\\server.js:38:6067\n    at hh (c:\\Users\\gasto\\.vscode\\extensions\\uqbar.wollok-lsp-ide-0.3.5\\out\\server\\src\\server.js:2281:42)\n    at vh (c:\\Users\\gasto\\.vscode\\extensions\\uqbar.wollok-lsp-ide-0.3.5\\out\\server\\src\\server.js:2281:1004)\n    at hh (c:\\Users\\gasto\\.vscode\\extensions\\uqbar.wollok-lsp-ide-0.3.5\\out\\server\\src\\server.js:2281:456)\n    at vh (c:\\Users\\gasto\\.vscode\\extensions\\uqbar.wollok-lsp-ide-0.3.5\\out\\server\\src\\server.js:2281:1004)\n    at F5n (c:\\Users\\gasto\\.vscode\\extensions\\uqbar.wollok-lsp-ide-0.3.5\\out\\server\\src\\server.js:2281:1160)\n    at c:\\Users\\gasto\\.vscode\\extensions\\uqbar.wollok-lsp-ide-0.3.5\\out\\server\\src\\server.js:38:6056\n    at hh (c:\\Users\\gasto\\.vscode\\extensions\\uqbar.wollok-lsp-ide-0.3.5\\out\\server\\src\\server.js:2281:42)\n    at c:\\Users\\gasto\\.vscode\\extensions\\uqbar.wollok-lsp-ide-0.3.5\\out\\server\\src\\server.js:2281:2700\n    at c:\\Users\\gasto\\.vscode\\extensions\\uqbar.wollok-lsp-ide-0.3.5\\out\\server\\src\\server.js:2288:3774","timestamp":"2024-10-04T19:35:08.225Z"}
{"level":"info","message":"onRequest - completionItem/resolve","timestamp":"2024-10-04T19:35:08.323Z"}
{"level":"info","message":"⌛ Building environment","timeElapsed":135,"timestamp":"2024-10-04T19:39:46.861Z"}
{"level":"info","message":"⌛ Validating cultivos.wlk","timeElapsed":206,"timestamp":"2024-10-04T19:39:47.145Z"}
{"level":"info","message":"⌛ Validating cultivos.wlk","timeElapsed":132,"timestamp":"2024-10-04T19:39:47.277Z"}
{"failures":[{"error":["wollok.lib.AssertionException: Expected <[a List (1)]> but found <[a List (2)]>","  at testGranja.\"granjaVilla\".\"hector planta un maiz en su posicion actual\" [testGranja.wtest:14]"],"test":"testGranja.\"granjaVilla\".\"hector planta un maiz en su posicion actual\""}],"level":"info","message":"🧪 Test runner executed on c:\\Users\\gasto\\Desktop\\objetos\\2024s2-granja-villa-PabloGaston121317-1","result":{"failed":1,"ok":0},"timeElapsed":468,"timestamp":"2024-10-04T19:51:16.069Z"}
{"level":"info","message":"⌛ Building environment","timeElapsed":139,"timestamp":"2024-10-04T19:53:12.963Z"}
{"level":"info","message":"⌛ Validating testGranja.wtest","timeElapsed":165,"timestamp":"2024-10-04T19:53:13.130Z"}
{"level":"info","message":"⌛ Validating testGranja.wtest","timeElapsed":115,"timestamp":"2024-10-04T19:53:13.554Z"}
{"level":"info","message":"⌛ Validating testGranja.wtest","timeElapsed":131,"timestamp":"2024-10-04T19:53:13.912Z"}
{"failures":[{"error":["wollok.lang.EvaluationError wrapping TypeScript Error: Could not resolve reference to maiz or its a reference to void","  at testGranja.\"granjaVilla\".\"hector planta un maiz en su posicion actual\" [testGranja.wtest:14]"],"test":"testGranja.\"granjaVilla\".\"hector planta un maiz en su posicion actual\""}],"level":"info","message":"🧪 Test runner executed on c:\\Users\\gasto\\Desktop\\objetos\\2024s2-granja-villa-PabloGaston121317-1","result":{"failed":1,"ok":0},"timeElapsed":607,"timestamp":"2024-10-04T19:54:25.522Z"}
{"level":"info","message":"⌛ Building environment","timeElapsed":151,"timestamp":"2024-10-04T19:54:36.589Z"}
{"level":"info","message":"⌛ Validating testGranja.wtest","timeElapsed":127,"timestamp":"2024-10-04T19:54:36.716Z"}
{"level":"info","message":"⌛ Building environment","timeElapsed":103,"timestamp":"2024-10-04T19:54:40.278Z"}
{"level":"info","message":"⌛ Validating testGranja.wtest","timeElapsed":134,"timestamp":"2024-10-04T19:54:40.444Z"}
{"level":"info","message":"onRequest - completionItem/resolve","timestamp":"2024-10-04T19:54:40.446Z"}
{"level":"info","message":"onRequest - completionItem/resolve","timestamp":"2024-10-04T19:54:40.525Z"}
{"level":"info","message":"onRequest - completionItem/resolve","timestamp":"2024-10-04T19:54:40.905Z"}
{"level":"info","message":"⌛ Validating testGranja.wtest","timeElapsed":115,"timestamp":"2024-10-04T19:54:41.024Z"}
{"level":"info","message":"⌛ Validating testGranja.wtest","timeElapsed":115,"timestamp":"2024-10-04T19:54:41.211Z"}
{"level":"info","message":"⌛ Validating testGranja.wtest","timeElapsed":109,"timestamp":"2024-10-04T19:54:42.873Z"}
{"level":"error","message":"✘ Completions for node failed: Error: [Assignment]{b9ae28} at testGranja.wtest:11 exhausted all cases without a match [Assignment]{b9ae28} at testGranja.wtest:11 exhausted all cases without a match","stack":"Error: [Assignment]{b9ae28} at testGranja.wtest:11 exhausted all cases without a match\n    at c:\\Users\\gasto\\.vscode\\extensions\\uqbar.wollok-lsp-ide-0.3.5\\out\\server\\src\\server.js:38:6067\n    at hh (c:\\Users\\gasto\\.vscode\\extensions\\uqbar.wollok-lsp-ide-0.3.5\\out\\server\\src\\server.js:2281:42)\n    at vh (c:\\Users\\gasto\\.vscode\\extensions\\uqbar.wollok-lsp-ide-0.3.5\\out\\server\\src\\server.js:2281:1004)\n    at F5n (c:\\Users\\gasto\\.vscode\\extensions\\uqbar.wollok-lsp-ide-0.3.5\\out\\server\\src\\server.js:2281:1160)\n    at c:\\Users\\gasto\\.vscode\\extensions\\uqbar.wollok-lsp-ide-0.3.5\\out\\server\\src\\server.js:38:6056\n    at hh (c:\\Users\\gasto\\.vscode\\extensions\\uqbar.wollok-lsp-ide-0.3.5\\out\\server\\src\\server.js:2281:42)\n    at c:\\Users\\gasto\\.vscode\\extensions\\uqbar.wollok-lsp-ide-0.3.5\\out\\server\\src\\server.js:2281:2700\n    at c:\\Users\\gasto\\.vscode\\extensions\\uqbar.wollok-lsp-ide-0.3.5\\out\\server\\src\\server.js:2288:3774\n    at c:\\Users\\gasto\\.vscode\\extensions\\uqbar.wollok-lsp-ide-0.3.5\\out\\server\\src\\server.js:37:74872\n    at Fe (c:\\Users\\gasto\\.vscode\\extensions\\uqbar.wollok-lsp-ide-0.3.5\\out\\server\\src\\server.js:7:8527)","timestamp":"2024-10-04T19:54:45.024Z"}
{"level":"info","message":"⌛ Validating testGranja.wtest","timeElapsed":103,"timestamp":"2024-10-04T19:54:45.218Z"}
{"level":"info","message":"⌛ Building environment","timeElapsed":109,"timestamp":"2024-10-04T19:54:47.003Z"}
{"level":"info","message":"⌛ Validating testGranja.wtest","timeElapsed":105,"timestamp":"2024-10-04T19:54:47.142Z"}
{"level":"info","message":"onRequest - completionItem/resolve","timestamp":"2024-10-04T19:54:47.143Z"}
{"level":"info","message":"onRequest - completionItem/resolve","timestamp":"2024-10-04T19:54:47.232Z"}
{"level":"info","message":"⌛ Validating testGranja.wtest","timeElapsed":109,"timestamp":"2024-10-04T19:54:47.344Z"}
{"level":"info","message":"⌛ Validating testGranja.wtest","timeElapsed":118,"timestamp":"2024-10-04T19:54:49.824Z"}
{"level":"info","message":"⌛ Building environment","timeElapsed":132,"timestamp":"2024-10-04T19:54:50.055Z"}
{"level":"info","message":"⌛ Building environment","timeElapsed":117,"timestamp":"2024-10-04T19:54:50.178Z"}
{"level":"info","message":"⌛ Validating testGranja.wtest","timeElapsed":114,"timestamp":"2024-10-04T19:54:50.292Z"}
{"level":"info","message":"⌛ Validating testGranja.wtest","timeElapsed":126,"timestamp":"2024-10-04T19:54:51.881Z"}
{"level":"info","message":"⌛ Building environment","timeElapsed":109,"timestamp":"2024-10-04T19:54:51.990Z"}
{"level":"info","message":"⌛ Building environment","timeElapsed":156,"timestamp":"2024-10-04T19:54:52.179Z"}
{"level":"info","message":"⌛ Validating testGranja.wtest","timeElapsed":213,"timestamp":"2024-10-04T19:54:52.392Z"}
{"level":"info","message":"⌛ Validating testGranja.wtest","timeElapsed":148,"timestamp":"2024-10-04T19:54:52.661Z"}
{"level":"info","message":"⌛ Validating testGranja.wtest","timeElapsed":146,"timestamp":"2024-10-04T19:54:52.985Z"}
{"level":"info","message":"⌛ Validating testGranja.wtest","timeElapsed":134,"timestamp":"2024-10-04T19:54:53.369Z"}
{"level":"info","message":"⌛ Building environment","timeElapsed":102,"timestamp":"2024-10-04T19:54:53.972Z"}
{"level":"info","message":"⌛ Validating testGranja.wtest","timeElapsed":107,"timestamp":"2024-10-04T19:54:55.495Z"}
{"level":"info","message":"⌛ Validating testGranja.wtest","timeElapsed":126,"timestamp":"2024-10-04T19:55:05.340Z"}
{"level":"info","message":"⌛ Building environment","timeElapsed":135,"timestamp":"2024-10-04T19:55:08.614Z"}
{"level":"error","message":"✘ Completions for node failed: Error: [NamedArgument]{1ca261} at testGranja.wtest:11 exhausted all cases without a match [NamedArgument]{1ca261} at testGranja.wtest:11 exhausted all cases without a match","stack":"Error: [NamedArgument]{1ca261} at testGranja.wtest:11 exhausted all cases without a match\n    at c:\\Users\\gasto\\.vscode\\extensions\\uqbar.wollok-lsp-ide-0.3.5\\out\\server\\src\\server.js:38:6067\n    at hh (c:\\Users\\gasto\\.vscode\\extensions\\uqbar.wollok-lsp-ide-0.3.5\\out\\server\\src\\server.js:2281:42)\n    at vh (c:\\Users\\gasto\\.vscode\\extensions\\uqbar.wollok-lsp-ide-0.3.5\\out\\server\\src\\server.js:2281:1004)\n    at F5n (c:\\Users\\gasto\\.vscode\\extensions\\uqbar.wollok-lsp-ide-0.3.5\\out\\server\\src\\server.js:2281:1160)\n    at c:\\Users\\gasto\\.vscode\\extensions\\uqbar.wollok-lsp-ide-0.3.5\\out\\server\\src\\server.js:38:6056\n    at hh (c:\\Users\\gasto\\.vscode\\extensions\\uqbar.wollok-lsp-ide-0.3.5\\out\\server\\src\\server.js:2281:42)\n    at c:\\Users\\gasto\\.vscode\\extensions\\uqbar.wollok-lsp-ide-0.3.5\\out\\server\\src\\server.js:2281:2700\n    at c:\\Users\\gasto\\.vscode\\extensions\\uqbar.wollok-lsp-ide-0.3.5\\out\\server\\src\\server.js:2288:3774\n    at c:\\Users\\gasto\\.vscode\\extensions\\uqbar.wollok-lsp-ide-0.3.5\\out\\server\\src\\server.js:37:74872\n    at Fe (c:\\Users\\gasto\\.vscode\\extensions\\uqbar.wollok-lsp-ide-0.3.5\\out\\server\\src\\server.js:7:8527)","timestamp":"2024-10-04T19:55:08.649Z"}
{"level":"error","message":"✘ Completions for node failed: Error: [NamedArgument]{8a0699} at testGranja.wtest:11 exhausted all cases without a match [NamedArgument]{8a0699} at testGranja.wtest:11 exhausted all cases without a match","stack":"Error: [NamedArgument]{8a0699} at testGranja.wtest:11 exhausted all cases without a match\n    at c:\\Users\\gasto\\.vscode\\extensions\\uqbar.wollok-lsp-ide-0.3.5\\out\\server\\src\\server.js:38:6067\n    at hh (c:\\Users\\gasto\\.vscode\\extensions\\uqbar.wollok-lsp-ide-0.3.5\\out\\server\\src\\server.js:2281:42)\n    at vh (c:\\Users\\gasto\\.vscode\\extensions\\uqbar.wollok-lsp-ide-0.3.5\\out\\server\\src\\server.js:2281:1004)\n    at F5n (c:\\Users\\gasto\\.vscode\\extensions\\uqbar.wollok-lsp-ide-0.3.5\\out\\server\\src\\server.js:2281:1160)\n    at c:\\Users\\gasto\\.vscode\\extensions\\uqbar.wollok-lsp-ide-0.3.5\\out\\server\\src\\server.js:38:6056\n    at hh (c:\\Users\\gasto\\.vscode\\extensions\\uqbar.wollok-lsp-ide-0.3.5\\out\\server\\src\\server.js:2281:42)\n    at c:\\Users\\gasto\\.vscode\\extensions\\uqbar.wollok-lsp-ide-0.3.5\\out\\server\\src\\server.js:2281:2700\n    at c:\\Users\\gasto\\.vscode\\extensions\\uqbar.wollok-lsp-ide-0.3.5\\out\\server\\src\\server.js:2288:3774\n    at c:\\Users\\gasto\\.vscode\\extensions\\uqbar.wollok-lsp-ide-0.3.5\\out\\server\\src\\server.js:37:74872\n    at Fe (c:\\Users\\gasto\\.vscode\\extensions\\uqbar.wollok-lsp-ide-0.3.5\\out\\server\\src\\server.js:7:8527)","timestamp":"2024-10-04T19:55:09.073Z"}
{"level":"info","message":"⌛ Validating testGranja.wtest","timeElapsed":142,"timestamp":"2024-10-04T19:55:09.215Z"}
{"level":"info","message":"⌛ Validating testGranja.wtest","timeElapsed":130,"timestamp":"2024-10-04T19:55:09.346Z"}
{"level":"error","message":"✘ Completions for node failed: Error: [NamedArgument]{030beb} at testGranja.wtest:11 exhausted all cases without a match [NamedArgument]{030beb} at testGranja.wtest:11 exhausted all cases without a match","stack":"Error: [NamedArgument]{030beb} at testGranja.wtest:11 exhausted all cases without a match\n    at c:\\Users\\gasto\\.vscode\\extensions\\uqbar.wollok-lsp-ide-0.3.5\\out\\server\\src\\server.js:38:6067\n    at hh (c:\\Users\\gasto\\.vscode\\extensions\\uqbar.wollok-lsp-ide-0.3.5\\out\\server\\src\\server.js:2281:42)\n    at vh (c:\\Users\\gasto\\.vscode\\extensions\\uqbar.wollok-lsp-ide-0.3.5\\out\\server\\src\\server.js:2281:1004)\n    at F5n (c:\\Users\\gasto\\.vscode\\extensions\\uqbar.wollok-lsp-ide-0.3.5\\out\\server\\src\\server.js:2281:1160)\n    at c:\\Users\\gasto\\.vscode\\extensions\\uqbar.wollok-lsp-ide-0.3.5\\out\\server\\src\\server.js:38:6056\n    at hh (c:\\Users\\gasto\\.vscode\\extensions\\uqbar.wollok-lsp-ide-0.3.5\\out\\server\\src\\server.js:2281:42)\n    at c:\\Users\\gasto\\.vscode\\extensions\\uqbar.wollok-lsp-ide-0.3.5\\out\\server\\src\\server.js:2281:2700\n    at c:\\Users\\gasto\\.vscode\\extensions\\uqbar.wollok-lsp-ide-0.3.5\\out\\server\\src\\server.js:2288:3774\n    at c:\\Users\\gasto\\.vscode\\extensions\\uqbar.wollok-lsp-ide-0.3.5\\out\\server\\src\\server.js:37:74872\n    at Fe (c:\\Users\\gasto\\.vscode\\extensions\\uqbar.wollok-lsp-ide-0.3.5\\out\\server\\src\\server.js:7:8527)","timestamp":"2024-10-04T19:55:09.451Z"}
{"level":"info","message":"⌛ Validating testGranja.wtest","timeElapsed":210,"timestamp":"2024-10-04T19:55:09.664Z"}
{"level":"info","message":"⌛ Validating testGranja.wtest","timeElapsed":117,"timestamp":"2024-10-04T19:55:09.866Z"}
{"level":"info","message":"⌛ Building environment","timeElapsed":101,"timestamp":"2024-10-04T19:55:09.972Z"}
{"level":"info","message":"⌛ Validating testGranja.wtest","timeElapsed":105,"timestamp":"2024-10-04T19:55:10.099Z"}
{"level":"info","message":"onRequest - completionItem/resolve","timestamp":"2024-10-04T19:55:10.099Z"}
{"level":"info","message":"onRequest - completionItem/resolve","timestamp":"2024-10-04T19:55:10.175Z"}
{"level":"info","message":"onRequest - completionItem/resolve","timestamp":"2024-10-04T19:55:10.238Z"}
{"level":"info","message":"onRequest - completionItem/resolve","timestamp":"2024-10-04T19:55:10.503Z"}
{"level":"info","message":"⌛ Validating testGranja.wtest","timeElapsed":123,"timestamp":"2024-10-04T19:55:10.629Z"}
{"level":"info","message":"⌛ Building environment","timeElapsed":125,"timestamp":"2024-10-04T19:55:10.756Z"}
{"level":"info","message":"onRequest - completionItem/resolve","timestamp":"2024-10-04T19:55:10.775Z"}
{"level":"info","message":"⌛ Building environment","timeElapsed":129,"timestamp":"2024-10-04T19:55:10.905Z"}
{"level":"info","message":"onRequest - completionItem/resolve","timestamp":"2024-10-04T19:55:10.905Z"}
{"level":"info","message":"onRequest - completionItem/resolve","timestamp":"2024-10-04T19:55:10.996Z"}
{"level":"info","message":"⌛ Validating testGranja.wtest","timeElapsed":128,"timestamp":"2024-10-04T19:55:11.124Z"}
{"level":"info","message":"⌛ Validating testGranja.wtest","timeElapsed":129,"timestamp":"2024-10-04T19:55:11.255Z"}
{"level":"info","message":"⌛ Validating testGranja.wtest","timeElapsed":106,"timestamp":"2024-10-04T19:55:11.372Z"}
{"level":"info","message":"⌛ Validating testGranja.wtest","timeElapsed":115,"timestamp":"2024-10-04T19:55:11.679Z"}
{"level":"info","message":"⌛ Validating testGranja.wtest","timeElapsed":111,"timestamp":"2024-10-04T19:55:11.790Z"}
{"level":"info","message":"⌛ Validating testGranja.wtest","timeElapsed":149,"timestamp":"2024-10-04T19:55:13.202Z"}
{"level":"error","message":"✘ Completions for node failed: Error: [Assignment]{d24fa3} at testGranja.wtest:11 exhausted all cases without a match [Assignment]{d24fa3} at testGranja.wtest:11 exhausted all cases without a match","stack":"Error: [Assignment]{d24fa3} at testGranja.wtest:11 exhausted all cases without a match\n    at c:\\Users\\gasto\\.vscode\\extensions\\uqbar.wollok-lsp-ide-0.3.5\\out\\server\\src\\server.js:38:6067\n    at hh (c:\\Users\\gasto\\.vscode\\extensions\\uqbar.wollok-lsp-ide-0.3.5\\out\\server\\src\\server.js:2281:42)\n    at vh (c:\\Users\\gasto\\.vscode\\extensions\\uqbar.wollok-lsp-ide-0.3.5\\out\\server\\src\\server.js:2281:1004)\n    at F5n (c:\\Users\\gasto\\.vscode\\extensions\\uqbar.wollok-lsp-ide-0.3.5\\out\\server\\src\\server.js:2281:1160)\n    at c:\\Users\\gasto\\.vscode\\extensions\\uqbar.wollok-lsp-ide-0.3.5\\out\\server\\src\\server.js:38:6056\n    at hh (c:\\Users\\gasto\\.vscode\\extensions\\uqbar.wollok-lsp-ide-0.3.5\\out\\server\\src\\server.js:2281:42)\n    at c:\\Users\\gasto\\.vscode\\extensions\\uqbar.wollok-lsp-ide-0.3.5\\out\\server\\src\\server.js:2281:2700\n    at c:\\Users\\gasto\\.vscode\\extensions\\uqbar.wollok-lsp-ide-0.3.5\\out\\server\\src\\server.js:2288:3774\n    at c:\\Users\\gasto\\.vscode\\extensions\\uqbar.wollok-lsp-ide-0.3.5\\out\\server\\src\\server.js:37:74872\n    at Fe (c:\\Users\\gasto\\.vscode\\extensions\\uqbar.wollok-lsp-ide-0.3.5\\out\\server\\src\\server.js:7:8527)","timestamp":"2024-10-04T19:55:17.375Z"}
{"level":"info","message":"⌛ Building environment","timeElapsed":117,"timestamp":"2024-10-04T19:55:17.497Z"}
{"level":"info","message":"⌛ Validating testGranja.wtest","timeElapsed":116,"timestamp":"2024-10-04T19:55:17.613Z"}
{"level":"info","message":"onRequest - completionItem/resolve","timestamp":"2024-10-04T19:55:17.614Z"}
{"level":"info","message":"onRequest - completionItem/resolve","timestamp":"2024-10-04T19:55:17.709Z"}
{"level":"info","message":"onRequest - completionItem/resolve","timestamp":"2024-10-04T19:55:17.785Z"}
{"level":"info","message":"⌛ Validating testGranja.wtest","timeElapsed":105,"timestamp":"2024-10-04T19:55:17.890Z"}
{"level":"info","message":"⌛ Validating testGranja.wtest","timeElapsed":180,"timestamp":"2024-10-04T19:55:18.427Z"}
{"level":"info","message":"⌛ Validating testGranja.wtest","timeElapsed":119,"timestamp":"2024-10-04T19:55:18.548Z"}
{"level":"info","message":"⌛ Validating testGranja.wtest","timeElapsed":101,"timestamp":"2024-10-04T19:56:20.350Z"}
{"level":"info","message":"⌛ Building environment","timeElapsed":102,"timestamp":"2024-10-04T19:56:20.454Z"}
{"level":"info","message":"⌛ Validating testGranja.wtest","timeElapsed":119,"timestamp":"2024-10-04T19:56:21.030Z"}
{"level":"info","message":"⌛ Validating testGranja.wtest","timeElapsed":164,"timestamp":"2024-10-04T19:56:21.215Z"}
{"level":"error","message":"✘ Completions for node failed: Error: [Send]{92d035} at testGranja.wtest:19 exhausted all cases without a match [Send]{92d035} at testGranja.wtest:19 exhausted all cases without a match","stack":"Error: [Send]{92d035} at testGranja.wtest:19 exhausted all cases without a match\n    at c:\\Users\\gasto\\.vscode\\extensions\\uqbar.wollok-lsp-ide-0.3.5\\out\\server\\src\\server.js:38:6067\n    at hh (c:\\Users\\gasto\\.vscode\\extensions\\uqbar.wollok-lsp-ide-0.3.5\\out\\server\\src\\server.js:2281:42)\n    at vh (c:\\Users\\gasto\\.vscode\\extensions\\uqbar.wollok-lsp-ide-0.3.5\\out\\server\\src\\server.js:2281:1004)\n    at F5n (c:\\Users\\gasto\\.vscode\\extensions\\uqbar.wollok-lsp-ide-0.3.5\\out\\server\\src\\server.js:2281:1160)\n    at c:\\Users\\gasto\\.vscode\\extensions\\uqbar.wollok-lsp-ide-0.3.5\\out\\server\\src\\server.js:38:6056\n    at hh (c:\\Users\\gasto\\.vscode\\extensions\\uqbar.wollok-lsp-ide-0.3.5\\out\\server\\src\\server.js:2281:42)\n    at c:\\Users\\gasto\\.vscode\\extensions\\uqbar.wollok-lsp-ide-0.3.5\\out\\server\\src\\server.js:2281:2700\n    at c:\\Users\\gasto\\.vscode\\extensions\\uqbar.wollok-lsp-ide-0.3.5\\out\\server\\src\\server.js:2288:3774\n    at c:\\Users\\gasto\\.vscode\\extensions\\uqbar.wollok-lsp-ide-0.3.5\\out\\server\\src\\server.js:37:74872\n    at Fe (c:\\Users\\gasto\\.vscode\\extensions\\uqbar.wollok-lsp-ide-0.3.5\\out\\server\\src\\server.js:7:8527)","timestamp":"2024-10-04T19:56:22.063Z"}
{"level":"info","message":"⌛ Validating testGranja.wtest","timeElapsed":102,"timestamp":"2024-10-04T19:56:22.168Z"}
{"level":"info","message":"onRequest - completionItem/resolve","timestamp":"2024-10-04T19:56:22.169Z"}
{"level":"info","message":"onRequest - completionItem/resolve","timestamp":"2024-10-04T19:56:22.240Z"}
{"level":"info","message":"onRequest - completionItem/resolve","timestamp":"2024-10-04T19:56:22.312Z"}
{"level":"info","message":"onRequest - completionItem/resolve","timestamp":"2024-10-04T19:56:22.463Z"}
{"level":"info","message":"⌛ Validating testGranja.wtest","timeElapsed":103,"timestamp":"2024-10-04T19:56:31.049Z"}
{"failures":[{"error":["wollok.lib.AssertionException: Expected <a Maiz> but found <[a List (1)]>","  at testGranja.\"granjaVilla\".\"hector planta un maiz en su posicion actual\" [testGranja.wtest:15]"],"test":"testGranja.\"granjaVilla\".\"hector planta un maiz en su posicion actual\""}],"level":"info","message":"🧪 Test runner executed on c:\\Users\\gasto\\Desktop\\objetos\\2024s2-granja-villa-PabloGaston121317-1","result":{"failed":1,"ok":0},"timeElapsed":513,"timestamp":"2024-10-04T19:56:50.528Z"}
{"level":"info","message":"⌛ Building environment","timeElapsed":112,"timestamp":"2024-10-04T19:57:02.016Z"}
{"level":"info","message":"⌛ Validating testGranja.wtest","timeElapsed":125,"timestamp":"2024-10-04T19:57:02.145Z"}
{"failures":[{"error":["wollok.lib.AssertionException: Expected <[a List (1)]> but found <[a List (1)]>","  at testGranja.\"granjaVilla\".\"hector planta un maiz en su posicion actual\" [testGranja.wtest:15]"],"test":"testGranja.\"granjaVilla\".\"hector planta un maiz en su posicion actual\""}],"level":"info","message":"🧪 Test runner executed on c:\\Users\\gasto\\Desktop\\objetos\\2024s2-granja-villa-PabloGaston121317-1","result":{"failed":1,"ok":0},"timeElapsed":727,"timestamp":"2024-10-04T19:57:08.657Z"}
{"level":"info","message":"⌛ Building environment","timeElapsed":105,"timestamp":"2024-10-04T19:57:48.222Z"}
{"level":"info","message":"⌛ Validating testGranja.wtest","timeElapsed":109,"timestamp":"2024-10-04T19:57:48.331Z"}
{"level":"info","message":"⌛ Building environment","timeElapsed":104,"timestamp":"2024-10-04T19:57:48.440Z"}
{"level":"error","message":"✘ Completions for node failed: Error: [Literal]{f1ab52} at testGranja.wtest:20 exhausted all cases without a match [Literal]{f1ab52} at testGranja.wtest:20 exhausted all cases without a match","stack":"Error: [Literal]{f1ab52} at testGranja.wtest:20 exhausted all cases without a match\n    at c:\\Users\\gasto\\.vscode\\extensions\\uqbar.wollok-lsp-ide-0.3.5\\out\\server\\src\\server.js:38:6067\n    at hh (c:\\Users\\gasto\\.vscode\\extensions\\uqbar.wollok-lsp-ide-0.3.5\\out\\server\\src\\server.js:2281:42)\n    at vh (c:\\Users\\gasto\\.vscode\\extensions\\uqbar.wollok-lsp-ide-0.3.5\\out\\server\\src\\server.js:2281:1004)\n    at F5n (c:\\Users\\gasto\\.vscode\\extensions\\uqbar.wollok-lsp-ide-0.3.5\\out\\server\\src\\server.js:2281:1160)\n    at c:\\Users\\gasto\\.vscode\\extensions\\uqbar.wollok-lsp-ide-0.3.5\\out\\server\\src\\server.js:38:6056\n    at hh (c:\\Users\\gasto\\.vscode\\extensions\\uqbar.wollok-lsp-ide-0.3.5\\out\\server\\src\\server.js:2281:42)\n    at c:\\Users\\gasto\\.vscode\\extensions\\uqbar.wollok-lsp-ide-0.3.5\\out\\server\\src\\server.js:2281:2700\n    at c:\\Users\\gasto\\.vscode\\extensions\\uqbar.wollok-lsp-ide-0.3.5\\out\\server\\src\\server.js:2288:3774\n    at c:\\Users\\gasto\\.vscode\\extensions\\uqbar.wollok-lsp-ide-0.3.5\\out\\server\\src\\server.js:37:74872\n    at Fe (c:\\Users\\gasto\\.vscode\\extensions\\uqbar.wollok-lsp-ide-0.3.5\\out\\server\\src\\server.js:7:8527)","timestamp":"2024-10-04T19:57:50.322Z"}
{"level":"error","message":"✘ Completions for node failed: Error: [Send]{da40bb} at testGranja.wtest:20 exhausted all cases without a match [Send]{da40bb} at testGranja.wtest:20 exhausted all cases without a match","stack":"Error: [Send]{da40bb} at testGranja.wtest:20 exhausted all cases without a match\n    at c:\\Users\\gasto\\.vscode\\extensions\\uqbar.wollok-lsp-ide-0.3.5\\out\\server\\src\\server.js:38:6067\n    at hh (c:\\Users\\gasto\\.vscode\\extensions\\uqbar.wollok-lsp-ide-0.3.5\\out\\server\\src\\server.js:2281:42)\n    at vh (c:\\Users\\gasto\\.vscode\\extensions\\uqbar.wollok-lsp-ide-0.3.5\\out\\server\\src\\server.js:2281:1004)\n    at hh (c:\\Users\\gasto\\.vscode\\extensions\\uqbar.wollok-lsp-ide-0.3.5\\out\\server\\src\\server.js:2281:456)\n    at vh (c:\\Users\\gasto\\.vscode\\extensions\\uqbar.wollok-lsp-ide-0.3.5\\out\\server\\src\\server.js:2281:1004)\n    at F5n (c:\\Users\\gasto\\.vscode\\extensions\\uqbar.wollok-lsp-ide-0.3.5\\out\\server\\src\\server.js:2281:1160)\n    at c:\\Users\\gasto\\.vscode\\extensions\\uqbar.wollok-lsp-ide-0.3.5\\out\\server\\src\\server.js:38:6056\n    at hh (c:\\Users\\gasto\\.vscode\\extensions\\uqbar.wollok-lsp-ide-0.3.5\\out\\server\\src\\server.js:2281:42)\n    at c:\\Users\\gasto\\.vscode\\extensions\\uqbar.wollok-lsp-ide-0.3.5\\out\\server\\src\\server.js:2281:2700\n    at c:\\Users\\gasto\\.vscode\\extensions\\uqbar.wollok-lsp-ide-0.3.5\\out\\server\\src\\server.js:2288:3774","timestamp":"2024-10-04T19:57:50.322Z"}
{"level":"info","message":"⌛ Validating testGranja.wtest","timeElapsed":155,"timestamp":"2024-10-04T19:57:50.486Z"}
{"level":"info","message":"⌛ Building environment","timeElapsed":101,"timestamp":"2024-10-04T19:57:50.588Z"}
{"level":"info","message":"onRequest - completionItem/resolve","timestamp":"2024-10-04T19:57:50.589Z"}
{"level":"info","message":"⌛ Validating testGranja.wtest","timeElapsed":123,"timestamp":"2024-10-04T19:57:50.833Z"}
{"level":"info","message":"⌛ Validating testGranja.wtest","timeElapsed":134,"timestamp":"2024-10-04T19:57:50.972Z"}
{"level":"info","message":"⌛ Building environment","timeElapsed":107,"timestamp":"2024-10-04T19:57:51.450Z"}
{"level":"info","message":"⌛ Validating testGranja.wtest","timeElapsed":152,"timestamp":"2024-10-04T19:57:51.607Z"}
{"level":"info","message":"⌛ Building environment","timeElapsed":104,"timestamp":"2024-10-04T19:57:52.139Z"}
{"level":"info","message":"⌛ Validating testGranja.wtest","timeElapsed":122,"timestamp":"2024-10-04T19:57:52.292Z"}
{"level":"info","message":"onRequest - completionItem/resolve","timestamp":"2024-10-04T19:57:52.293Z"}
{"level":"info","message":"⌛ Building environment","timeElapsed":227,"timestamp":"2024-10-04T19:57:52.594Z"}
{"level":"info","message":"⌛ Building environment","timeElapsed":108,"timestamp":"2024-10-04T19:57:52.703Z"}
{"level":"info","message":"⌛ Validating testGranja.wtest","timeElapsed":110,"timestamp":"2024-10-04T19:57:52.847Z"}
{"level":"info","message":"⌛ Building environment","timeElapsed":106,"timestamp":"2024-10-04T19:57:53.214Z"}
{"level":"info","message":"⌛ Validating testGranja.wtest","timeElapsed":108,"timestamp":"2024-10-04T19:57:53.323Z"}
{"level":"info","message":"⌛ Validating testGranja.wtest","timeElapsed":140,"timestamp":"2024-10-04T19:57:55.321Z"}
{"level":"info","message":"⌛ Validating testGranja.wtest","timeElapsed":103,"timestamp":"2024-10-04T19:58:00.975Z"}
{"level":"info","message":"⌛ Building environment","timeElapsed":150,"timestamp":"2024-10-04T19:58:01.127Z"}
{"level":"info","message":"⌛ Validating testGranja.wtest","timeElapsed":105,"timestamp":"2024-10-04T19:58:01.251Z"}
{"level":"info","message":"⌛ Validating testGranja.wtest","timeElapsed":107,"timestamp":"2024-10-04T19:58:02.369Z"}
{"level":"info","message":"⌛ Validating testGranja.wtest","timeElapsed":126,"timestamp":"2024-10-04T19:58:05.662Z"}
{"level":"info","message":"⌛ Building environment","timeElapsed":110,"timestamp":"2024-10-04T19:58:15.141Z"}
{"level":"info","message":"⌛ Validating testGranja.wtest","timeElapsed":103,"timestamp":"2024-10-04T19:58:15.922Z"}
{"level":"info","message":"onRequest - completionItem/resolve","timestamp":"2024-10-04T19:58:15.922Z"}
{"level":"info","message":"onRequest - completionItem/resolve","timestamp":"2024-10-04T19:58:15.982Z"}
{"level":"info","message":"⌛ Validating testGranja.wtest","timeElapsed":147,"timestamp":"2024-10-04T19:58:16.130Z"}
{"level":"info","message":"⌛ Building environment","timeElapsed":105,"timestamp":"2024-10-04T19:58:16.236Z"}
{"level":"info","message":"onRequest - completionItem/resolve","timestamp":"2024-10-04T19:58:16.241Z"}
{"level":"info","message":"⌛ Building environment","timeElapsed":107,"timestamp":"2024-10-04T19:58:16.349Z"}
{"level":"info","message":"onRequest - completionItem/resolve","timestamp":"2024-10-04T19:58:16.351Z"}
{"level":"info","message":"onRequest - completionItem/resolve","timestamp":"2024-10-04T19:58:16.513Z"}
{"level":"info","message":"onRequest - completionItem/resolve","timestamp":"2024-10-04T19:58:16.657Z"}
{"level":"info","message":"onRequest - completionItem/resolve","timestamp":"2024-10-04T19:58:17.030Z"}
{"level":"info","message":"onRequest - completionItem/resolve","timestamp":"2024-10-04T19:58:17.287Z"}
{"level":"info","message":"onRequest - completionItem/resolve","timestamp":"2024-10-04T19:58:17.464Z"}
{"level":"info","message":"⌛ Validating testGranja.wtest","timeElapsed":110,"timestamp":"2024-10-04T19:58:17.575Z"}
{"level":"info","message":"⌛ Building environment","timeElapsed":125,"timestamp":"2024-10-04T19:58:18.114Z"}
{"level":"info","message":"⌛ Validating testGranja.wtest","timeElapsed":129,"timestamp":"2024-10-04T19:58:20.563Z"}
{"level":"info","message":"⌛ Validating testGranja.wtest","timeElapsed":168,"timestamp":"2024-10-04T19:58:21.474Z"}
{"failures":[{"error":["wollok.lib.AssertionException: Expected <[a List (1)]> but found <[a List (2)]>","  at testGranja.\"granjaVilla\".\"hector planta un maiz en su posicion actual\" [testGranja.wtest:15]"],"test":"testGranja.\"granjaVilla\".\"hector planta un maiz en su posicion actual\""}],"level":"info","message":"🧪 Test runner executed on c:\\Users\\gasto\\Desktop\\objetos\\2024s2-granja-villa-PabloGaston121317-1","result":{"failed":1,"ok":0},"timeElapsed":494,"timestamp":"2024-10-04T19:58:32.667Z"}
{"level":"info","message":"⌛ Building environment","timeElapsed":125,"timestamp":"2024-10-04T19:58:55.866Z"}
{"level":"info","message":"⌛ Validating testGranja.wtest","timeElapsed":142,"timestamp":"2024-10-04T19:58:56.011Z"}
{"level":"info","message":"⌛ Building environment","timeElapsed":133,"timestamp":"2024-10-04T19:59:03.167Z"}
{"level":"info","message":"⌛ Validating testGranja.wtest","timeElapsed":180,"timestamp":"2024-10-04T19:59:03.381Z"}
{"level":"info","message":"⌛ Validating testGranja.wtest","timeElapsed":121,"timestamp":"2024-10-04T19:59:03.689Z"}
{"level":"info","message":"⌛ Building environment","timeElapsed":105,"timestamp":"2024-10-04T19:59:03.960Z"}
{"level":"info","message":"⌛ Validating testGranja.wtest","timeElapsed":157,"timestamp":"2024-10-04T19:59:04.407Z"}
{"level":"info","message":"⌛ Validating testGranja.wtest","timeElapsed":110,"timestamp":"2024-10-04T19:59:04.694Z"}
{"level":"info","message":"⌛ Validating testGranja.wtest","timeElapsed":102,"timestamp":"2024-10-04T19:59:05.508Z"}
{"level":"error","message":"✘ Completions for node failed: Error: [NamedArgument]{238de4} at testGranja.wtest:21 exhausted all cases without a match [NamedArgument]{238de4} at testGranja.wtest:21 exhausted all cases without a match","stack":"Error: [NamedArgument]{238de4} at testGranja.wtest:21 exhausted all cases without a match\n    at c:\\Users\\gasto\\.vscode\\extensions\\uqbar.wollok-lsp-ide-0.3.5\\out\\server\\src\\server.js:38:6067\n    at hh (c:\\Users\\gasto\\.vscode\\extensions\\uqbar.wollok-lsp-ide-0.3.5\\out\\server\\src\\server.js:2281:42)\n    at vh (c:\\Users\\gasto\\.vscode\\extensions\\uqbar.wollok-lsp-ide-0.3.5\\out\\server\\src\\server.js:2281:1004)\n    at F5n (c:\\Users\\gasto\\.vscode\\extensions\\uqbar.wollok-lsp-ide-0.3.5\\out\\server\\src\\server.js:2281:1160)\n    at c:\\Users\\gasto\\.vscode\\extensions\\uqbar.wollok-lsp-ide-0.3.5\\out\\server\\src\\server.js:38:6056\n    at hh (c:\\Users\\gasto\\.vscode\\extensions\\uqbar.wollok-lsp-ide-0.3.5\\out\\server\\src\\server.js:2281:42)\n    at c:\\Users\\gasto\\.vscode\\extensions\\uqbar.wollok-lsp-ide-0.3.5\\out\\server\\src\\server.js:2281:2700\n    at c:\\Users\\gasto\\.vscode\\extensions\\uqbar.wollok-lsp-ide-0.3.5\\out\\server\\src\\server.js:2288:3774\n    at c:\\Users\\gasto\\.vscode\\extensions\\uqbar.wollok-lsp-ide-0.3.5\\out\\server\\src\\server.js:37:74872\n    at Fe (c:\\Users\\gasto\\.vscode\\extensions\\uqbar.wollok-lsp-ide-0.3.5\\out\\server\\src\\server.js:7:8527)","timestamp":"2024-10-04T19:59:07.011Z"}
{"level":"error","message":"✘ Completions for node failed: Error: [NamedArgument]{c05f80} at testGranja.wtest:21 exhausted all cases without a match [NamedArgument]{c05f80} at testGranja.wtest:21 exhausted all cases without a match","stack":"Error: [NamedArgument]{c05f80} at testGranja.wtest:21 exhausted all cases without a match\n    at c:\\Users\\gasto\\.vscode\\extensions\\uqbar.wollok-lsp-ide-0.3.5\\out\\server\\src\\server.js:38:6067\n    at hh (c:\\Users\\gasto\\.vscode\\extensions\\uqbar.wollok-lsp-ide-0.3.5\\out\\server\\src\\server.js:2281:42)\n    at vh (c:\\Users\\gasto\\.vscode\\extensions\\uqbar.wollok-lsp-ide-0.3.5\\out\\server\\src\\server.js:2281:1004)\n    at F5n (c:\\Users\\gasto\\.vscode\\extensions\\uqbar.wollok-lsp-ide-0.3.5\\out\\server\\src\\server.js:2281:1160)\n    at c:\\Users\\gasto\\.vscode\\extensions\\uqbar.wollok-lsp-ide-0.3.5\\out\\server\\src\\server.js:38:6056\n    at hh (c:\\Users\\gasto\\.vscode\\extensions\\uqbar.wollok-lsp-ide-0.3.5\\out\\server\\src\\server.js:2281:42)\n    at c:\\Users\\gasto\\.vscode\\extensions\\uqbar.wollok-lsp-ide-0.3.5\\out\\server\\src\\server.js:2281:2700\n    at c:\\Users\\gasto\\.vscode\\extensions\\uqbar.wollok-lsp-ide-0.3.5\\out\\server\\src\\server.js:2288:3774\n    at c:\\Users\\gasto\\.vscode\\extensions\\uqbar.wollok-lsp-ide-0.3.5\\out\\server\\src\\server.js:37:74872\n    at Fe (c:\\Users\\gasto\\.vscode\\extensions\\uqbar.wollok-lsp-ide-0.3.5\\out\\server\\src\\server.js:7:8527)","timestamp":"2024-10-04T19:59:07.222Z"}
{"level":"error","message":"✘ Completions for node failed: Error: [NamedArgument]{1d7cfe} at testGranja.wtest:21 exhausted all cases without a match [NamedArgument]{1d7cfe} at testGranja.wtest:21 exhausted all cases without a match","stack":"Error: [NamedArgument]{1d7cfe} at testGranja.wtest:21 exhausted all cases without a match\n    at c:\\Users\\gasto\\.vscode\\extensions\\uqbar.wollok-lsp-ide-0.3.5\\out\\server\\src\\server.js:38:6067\n    at hh (c:\\Users\\gasto\\.vscode\\extensions\\uqbar.wollok-lsp-ide-0.3.5\\out\\server\\src\\server.js:2281:42)\n    at vh (c:\\Users\\gasto\\.vscode\\extensions\\uqbar.wollok-lsp-ide-0.3.5\\out\\server\\src\\server.js:2281:1004)\n    at F5n (c:\\Users\\gasto\\.vscode\\extensions\\uqbar.wollok-lsp-ide-0.3.5\\out\\server\\src\\server.js:2281:1160)\n    at c:\\Users\\gasto\\.vscode\\extensions\\uqbar.wollok-lsp-ide-0.3.5\\out\\server\\src\\server.js:38:6056\n    at hh (c:\\Users\\gasto\\.vscode\\extensions\\uqbar.wollok-lsp-ide-0.3.5\\out\\server\\src\\server.js:2281:42)\n    at c:\\Users\\gasto\\.vscode\\extensions\\uqbar.wollok-lsp-ide-0.3.5\\out\\server\\src\\server.js:2281:2700\n    at c:\\Users\\gasto\\.vscode\\extensions\\uqbar.wollok-lsp-ide-0.3.5\\out\\server\\src\\server.js:2288:3774\n    at c:\\Users\\gasto\\.vscode\\extensions\\uqbar.wollok-lsp-ide-0.3.5\\out\\server\\src\\server.js:37:74872\n    at Fe (c:\\Users\\gasto\\.vscode\\extensions\\uqbar.wollok-lsp-ide-0.3.5\\out\\server\\src\\server.js:7:8527)","timestamp":"2024-10-04T19:59:08.566Z"}
{"level":"info","message":"⌛ Validating testGranja.wtest","timeElapsed":107,"timestamp":"2024-10-04T19:59:08.674Z"}
{"level":"error","message":"✘ Completions for node failed: Error: [NamedArgument]{af99c5} at testGranja.wtest:21 exhausted all cases without a match [NamedArgument]{af99c5} at testGranja.wtest:21 exhausted all cases without a match","stack":"Error: [NamedArgument]{af99c5} at testGranja.wtest:21 exhausted all cases without a match\n    at c:\\Users\\gasto\\.vscode\\extensions\\uqbar.wollok-lsp-ide-0.3.5\\out\\server\\src\\server.js:38:6067\n    at hh (c:\\Users\\gasto\\.vscode\\extensions\\uqbar.wollok-lsp-ide-0.3.5\\out\\server\\src\\server.js:2281:42)\n    at vh (c:\\Users\\gasto\\.vscode\\extensions\\uqbar.wollok-lsp-ide-0.3.5\\out\\server\\src\\server.js:2281:1004)\n    at F5n (c:\\Users\\gasto\\.vscode\\extensions\\uqbar.wollok-lsp-ide-0.3.5\\out\\server\\src\\server.js:2281:1160)\n    at c:\\Users\\gasto\\.vscode\\extensions\\uqbar.wollok-lsp-ide-0.3.5\\out\\server\\src\\server.js:38:6056\n    at hh (c:\\Users\\gasto\\.vscode\\extensions\\uqbar.wollok-lsp-ide-0.3.5\\out\\server\\src\\server.js:2281:42)\n    at c:\\Users\\gasto\\.vscode\\extensions\\uqbar.wollok-lsp-ide-0.3.5\\out\\server\\src\\server.js:2281:2700\n    at c:\\Users\\gasto\\.vscode\\extensions\\uqbar.wollok-lsp-ide-0.3.5\\out\\server\\src\\server.js:2288:3774\n    at c:\\Users\\gasto\\.vscode\\extensions\\uqbar.wollok-lsp-ide-0.3.5\\out\\server\\src\\server.js:37:74872\n    at Fe (c:\\Users\\gasto\\.vscode\\extensions\\uqbar.wollok-lsp-ide-0.3.5\\out\\server\\src\\server.js:7:8527)","timestamp":"2024-10-04T19:59:11.360Z"}
{"level":"info","message":"⌛ Validating testGranja.wtest","timeElapsed":113,"timestamp":"2024-10-04T19:59:12.007Z"}
{"level":"info","message":"onRequest - completionItem/resolve","timestamp":"2024-10-04T19:59:12.007Z"}
{"level":"error","message":"✘ Completions for node failed: Error: [NamedArgument]{e0a7e4} at testGranja.wtest:21 exhausted all cases without a match [NamedArgument]{e0a7e4} at testGranja.wtest:21 exhausted all cases without a match","stack":"Error: [NamedArgument]{e0a7e4} at testGranja.wtest:21 exhausted all cases without a match\n    at c:\\Users\\gasto\\.vscode\\extensions\\uqbar.wollok-lsp-ide-0.3.5\\out\\server\\src\\server.js:38:6067\n    at hh (c:\\Users\\gasto\\.vscode\\extensions\\uqbar.wollok-lsp-ide-0.3.5\\out\\server\\src\\server.js:2281:42)\n    at vh (c:\\Users\\gasto\\.vscode\\extensions\\uqbar.wollok-lsp-ide-0.3.5\\out\\server\\src\\server.js:2281:1004)\n    at F5n (c:\\Users\\gasto\\.vscode\\extensions\\uqbar.wollok-lsp-ide-0.3.5\\out\\server\\src\\server.js:2281:1160)\n    at c:\\Users\\gasto\\.vscode\\extensions\\uqbar.wollok-lsp-ide-0.3.5\\out\\server\\src\\server.js:38:6056\n    at hh (c:\\Users\\gasto\\.vscode\\extensions\\uqbar.wollok-lsp-ide-0.3.5\\out\\server\\src\\server.js:2281:42)\n    at c:\\Users\\gasto\\.vscode\\extensions\\uqbar.wollok-lsp-ide-0.3.5\\out\\server\\src\\server.js:2281:2700\n    at c:\\Users\\gasto\\.vscode\\extensions\\uqbar.wollok-lsp-ide-0.3.5\\out\\server\\src\\server.js:2288:3774\n    at c:\\Users\\gasto\\.vscode\\extensions\\uqbar.wollok-lsp-ide-0.3.5\\out\\server\\src\\server.js:37:74872\n    at Fe (c:\\Users\\gasto\\.vscode\\extensions\\uqbar.wollok-lsp-ide-0.3.5\\out\\server\\src\\server.js:7:8527)","timestamp":"2024-10-04T19:59:12.085Z"}
{"level":"info","message":"onRequest - completionItem/resolve","timestamp":"2024-10-04T19:59:12.171Z"}
{"level":"info","message":"⌛ Validating testGranja.wtest","timeElapsed":125,"timestamp":"2024-10-04T19:59:13.691Z"}
{"level":"info","message":"⌛ Validating testGranja.wtest","timeElapsed":188,"timestamp":"2024-10-04T19:59:13.880Z"}
{"failures":[{"error":["wollok.lib.AssertionException: Expected <[a List (1)]> but found <[a List (1)]>","  at testGranja.\"granjaVilla\".\"hector planta un maiz en su posicion actual\" [testGranja.wtest:15]"],"test":"testGranja.\"granjaVilla\".\"hector planta un maiz en su posicion actual\""}],"level":"info","message":"🧪 Test runner executed on c:\\Users\\gasto\\Desktop\\objetos\\2024s2-granja-villa-PabloGaston121317-1","result":{"failed":1,"ok":0},"timeElapsed":512,"timestamp":"2024-10-04T19:59:22.853Z"}
